<?xml version="1.0" encoding="UTF-8"?>
<testsuite xmlns:xsi="http://www.w3.org/2001/XMLSchema-instance" xsi:noNamespaceSchemaLocation="https://maven.apache.org/surefire/maven-surefire-plugin/xsd/surefire-test-report-3.0.xsd" version="3.0" name="US_001 Login Functionality" time="275.892" tests="19" errors="0" skipped="0" failures="0">
  <properties>
    <property name="sun.desktop" value="windows"/>
    <property name="awt.toolkit" value="sun.awt.windows.WToolkit"/>
    <property name="java.specification.version" value="11"/>
    <property name="webdriver.chrome.driver" value="C:\Users\Alex PC\.cache\selenium\chromedriver\win32\103.0.5060.134\chromedriver.exe"/>
    <property name="sun.cpu.isalist" value="amd64"/>
    <property name="sun.jnu.encoding" value="Cp1252"/>
    <property name="java.class.path" value="C:\Users\Alex PC\IdeaProjects\LibraryCT-Assignment7\target\test-classes;C:\Users\Alex PC\IdeaProjects\LibraryCT-Assignment7\target\classes;C:\Users\Alex PC\.m2\repository\org\seleniumhq\selenium\selenium-java\3.141.59\selenium-java-3.141.59.jar;C:\Users\Alex PC\.m2\repository\org\seleniumhq\selenium\selenium-api\3.141.59\selenium-api-3.141.59.jar;C:\Users\Alex PC\.m2\repository\org\seleniumhq\selenium\selenium-chrome-driver\3.141.59\selenium-chrome-driver-3.141.59.jar;C:\Users\Alex PC\.m2\repository\org\seleniumhq\selenium\selenium-edge-driver\3.141.59\selenium-edge-driver-3.141.59.jar;C:\Users\Alex PC\.m2\repository\org\seleniumhq\selenium\selenium-firefox-driver\3.141.59\selenium-firefox-driver-3.141.59.jar;C:\Users\Alex PC\.m2\repository\org\seleniumhq\selenium\selenium-ie-driver\3.141.59\selenium-ie-driver-3.141.59.jar;C:\Users\Alex PC\.m2\repository\org\seleniumhq\selenium\selenium-opera-driver\3.141.59\selenium-opera-driver-3.141.59.jar;C:\Users\Alex PC\.m2\repository\org\seleniumhq\selenium\selenium-remote-driver\3.141.59\selenium-remote-driver-3.141.59.jar;C:\Users\Alex PC\.m2\repository\org\seleniumhq\selenium\selenium-safari-driver\3.141.59\selenium-safari-driver-3.141.59.jar;C:\Users\Alex PC\.m2\repository\org\seleniumhq\selenium\selenium-support\3.141.59\selenium-support-3.141.59.jar;C:\Users\Alex PC\.m2\repository\net\bytebuddy\byte-buddy\1.8.15\byte-buddy-1.8.15.jar;C:\Users\Alex PC\.m2\repository\org\apache\commons\commons-exec\1.3\commons-exec-1.3.jar;C:\Users\Alex PC\.m2\repository\com\google\guava\guava\25.0-jre\guava-25.0-jre.jar;C:\Users\Alex PC\.m2\repository\com\google\code\findbugs\jsr305\1.3.9\jsr305-1.3.9.jar;C:\Users\Alex PC\.m2\repository\org\checkerframework\checker-compat-qual\2.0.0\checker-compat-qual-2.0.0.jar;C:\Users\Alex PC\.m2\repository\com\google\errorprone\error_prone_annotations\2.1.3\error_prone_annotations-2.1.3.jar;C:\Users\Alex PC\.m2\repository\com\google\j2objc\j2objc-annotations\1.1\j2objc-annotations-1.1.jar;C:\Users\Alex PC\.m2\repository\org\codehaus\mojo\animal-sniffer-annotations\1.14\animal-sniffer-annotations-1.14.jar;C:\Users\Alex PC\.m2\repository\com\squareup\okhttp3\okhttp\3.11.0\okhttp-3.11.0.jar;C:\Users\Alex PC\.m2\repository\com\squareup\okio\okio\1.14.0\okio-1.14.0.jar;C:\Users\Alex PC\.m2\repository\io\github\bonigarcia\webdrivermanager\5.1.1\webdrivermanager-5.1.1.jar;C:\Users\Alex PC\.m2\repository\org\slf4j\slf4j-api\1.7.36\slf4j-api-1.7.36.jar;C:\Users\Alex PC\.m2\repository\com\google\code\gson\gson\2.9.0\gson-2.9.0.jar;C:\Users\Alex PC\.m2\repository\com\github\docker-java\docker-java\3.2.13\docker-java-3.2.13.jar;C:\Users\Alex PC\.m2\repository\com\github\docker-java\docker-java-core\3.2.13\docker-java-core-3.2.13.jar;C:\Users\Alex PC\.m2\repository\com\github\docker-java\docker-java-api\3.2.13\docker-java-api-3.2.13.jar;C:\Users\Alex PC\.m2\repository\org\apache\commons\commons-compress\1.21\commons-compress-1.21.jar;C:\Users\Alex PC\.m2\repository\org\bouncycastle\bcpkix-jdk15on\1.64\bcpkix-jdk15on-1.64.jar;C:\Users\Alex PC\.m2\repository\org\bouncycastle\bcprov-jdk15on\1.64\bcprov-jdk15on-1.64.jar;C:\Users\Alex PC\.m2\repository\org\slf4j\jcl-over-slf4j\1.7.30\jcl-over-slf4j-1.7.30.jar;C:\Users\Alex PC\.m2\repository\com\github\docker-java\docker-java-transport-httpclient5\3.2.13\docker-java-transport-httpclient5-3.2.13.jar;C:\Users\Alex PC\.m2\repository\com\github\docker-java\docker-java-transport\3.2.13\docker-java-transport-3.2.13.jar;C:\Users\Alex PC\.m2\repository\net\java\dev\jna\jna\5.8.0\jna-5.8.0.jar;C:\Users\Alex PC\.m2\repository\org\brotli\dec\0.1.2\dec-0.1.2.jar;C:\Users\Alex PC\.m2\repository\org\apache\commons\commons-lang3\3.12.0\commons-lang3-3.12.0.jar;C:\Users\Alex PC\.m2\repository\org\apache\httpcomponents\client5\httpclient5\5.1.3\httpclient5-5.1.3.jar;C:\Users\Alex PC\.m2\repository\org\apache\httpcomponents\core5\httpcore5\5.1.3\httpcore5-5.1.3.jar;C:\Users\Alex PC\.m2\repository\org\apache\httpcomponents\core5\httpcore5-h2\5.1.3\httpcore5-h2-5.1.3.jar;C:\Users\Alex PC\.m2\repository\commons-codec\commons-codec\1.15\commons-codec-1.15.jar;C:\Users\Alex PC\.m2\repository\com\github\javafaker\javafaker\1.0.2\javafaker-1.0.2.jar;C:\Users\Alex PC\.m2\repository\org\yaml\snakeyaml\1.23\snakeyaml-1.23-android.jar;C:\Users\Alex PC\.m2\repository\com\github\mifmif\generex\1.0.2\generex-1.0.2.jar;C:\Users\Alex PC\.m2\repository\dk\brics\automaton\automaton\1.11-8\automaton-1.11-8.jar;C:\Users\Alex PC\.m2\repository\io\cucumber\cucumber-java\7.2.3\cucumber-java-7.2.3.jar;C:\Users\Alex PC\.m2\repository\io\cucumber\cucumber-core\7.2.3\cucumber-core-7.2.3.jar;C:\Users\Alex PC\.m2\repository\io\cucumber\cucumber-gherkin\7.2.3\cucumber-gherkin-7.2.3.jar;C:\Users\Alex PC\.m2\repository\io\cucumber\cucumber-gherkin-messages\7.2.3\cucumber-gherkin-messages-7.2.3.jar;C:\Users\Alex PC\.m2\repository\io\cucumber\messages\17.1.1\messages-17.1.1.jar;C:\Users\Alex PC\.m2\repository\io\cucumber\tag-expressions\4.1.0\tag-expressions-4.1.0.jar;C:\Users\Alex PC\.m2\repository\io\cucumber\cucumber-expressions\15.0.1\cucumber-expressions-15.0.1.jar;C:\Users\Alex PC\.m2\repository\io\cucumber\datatable\7.2.3\datatable-7.2.3.jar;C:\Users\Alex PC\.m2\repository\io\cucumber\cucumber-plugin\7.2.3\cucumber-plugin-7.2.3.jar;C:\Users\Alex PC\.m2\repository\io\cucumber\docstring\7.2.3\docstring-7.2.3.jar;C:\Users\Alex PC\.m2\repository\io\cucumber\html-formatter\17.0.0\html-formatter-17.0.0.jar;C:\Users\Alex PC\.m2\repository\io\cucumber\ci-environment\8.1.0\ci-environment-8.1.0.jar;C:\Users\Alex PC\.m2\repository\org\apiguardian\apiguardian-api\1.1.2\apiguardian-api-1.1.2.jar;C:\Users\Alex PC\.m2\repository\io\cucumber\cucumber-junit\7.2.3\cucumber-junit-7.2.3.jar;C:\Users\Alex PC\.m2\repository\junit\junit\4.13.2\junit-4.13.2.jar;C:\Users\Alex PC\.m2\repository\org\hamcrest\hamcrest-core\1.3\hamcrest-core-1.3.jar;C:\Users\Alex PC\.m2\repository\me\jvt\cucumber\reporting-plugin\7.2.0\reporting-plugin-7.2.0.jar;C:\Users\Alex PC\.m2\repository\io\cucumber\gherkin\22.0.0\gherkin-22.0.0.jar;C:\Users\Alex PC\.m2\repository\net\masterthought\cucumber-reporting\5.6.1\cucumber-reporting-5.6.1.jar;C:\Users\Alex PC\.m2\repository\com\fasterxml\jackson\core\jackson-databind\2.12.1\jackson-databind-2.12.1.jar;C:\Users\Alex PC\.m2\repository\com\fasterxml\jackson\core\jackson-annotations\2.12.1\jackson-annotations-2.12.1.jar;C:\Users\Alex PC\.m2\repository\com\fasterxml\jackson\core\jackson-core\2.12.1\jackson-core-2.12.1.jar;C:\Users\Alex PC\.m2\repository\com\fasterxml\jackson\datatype\jackson-datatype-jsr310\2.12.1\jackson-datatype-jsr310-2.12.1.jar;C:\Users\Alex PC\.m2\repository\org\apache\velocity\velocity-engine-core\2.3\velocity-engine-core-2.3.jar;C:\Users\Alex PC\.m2\repository\commons-collections\commons-collections\3.2.2\commons-collections-3.2.2.jar;C:\Users\Alex PC\.m2\repository\joda-time\joda-time\2.10.10\joda-time-2.10.10.jar;C:\Users\Alex PC\.m2\repository\commons-io\commons-io\2.7\commons-io-2.7.jar;C:\Users\Alex PC\.m2\repository\org\codehaus\plexus\plexus-utils\3.3.0\plexus-utils-3.3.0.jar;C:\Users\Alex PC\.m2\repository\org\jsoup\jsoup\1.14.2\jsoup-1.14.2.jar;C:\Users\Alex PC\.m2\repository\com\googlecode\owasp-java-html-sanitizer\owasp-java-html-sanitizer\20211018.2\owasp-java-html-sanitizer-20211018.2.jar;C:\Users\Alex PC\.m2\repository\commons-configuration\commons-configuration\1.10\commons-configuration-1.10.jar;C:\Users\Alex PC\.m2\repository\commons-lang\commons-lang\2.6\commons-lang-2.6.jar;C:\Users\Alex PC\.m2\repository\commons-logging\commons-logging\1.1.1\commons-logging-1.1.1.jar;"/>
    <property name="java.vm.vendor" value="Oracle Corporation"/>
    <property name="sun.arch.data.model" value="64"/>
    <property name="user.variant" value=""/>
    <property name="java.vendor.url" value="https://openjdk.java.net/"/>
    <property name="user.timezone" value="America/New_York"/>
    <property name="java.vm.specification.version" value="11"/>
    <property name="os.name" value="Windows 10"/>
    <property name="sun.java.launcher" value="SUN_STANDARD"/>
    <property name="user.country" value="US"/>
    <property name="sun.boot.library.path" value="C:\Program Files\Java\jdk-11.0.12\bin"/>
    <property name="sun.java.command" value="C:\Users\Alex PC\AppData\Local\Temp\surefire4456403058139869616\surefirebooter15419493360731809325.jar C:\Users\Alex PC\AppData\Local\Temp\surefire4456403058139869616 2022-07-31T23-56-34_084-jvmRun1 surefire12098235733138257716tmp surefire_09258182703007104050tmp"/>
    <property name="jdk.debug" value="release"/>
    <property name="surefire.test.class.path" value="C:\Users\Alex PC\IdeaProjects\LibraryCT-Assignment7\target\test-classes;C:\Users\Alex PC\IdeaProjects\LibraryCT-Assignment7\target\classes;C:\Users\Alex PC\.m2\repository\org\seleniumhq\selenium\selenium-java\3.141.59\selenium-java-3.141.59.jar;C:\Users\Alex PC\.m2\repository\org\seleniumhq\selenium\selenium-api\3.141.59\selenium-api-3.141.59.jar;C:\Users\Alex PC\.m2\repository\org\seleniumhq\selenium\selenium-chrome-driver\3.141.59\selenium-chrome-driver-3.141.59.jar;C:\Users\Alex PC\.m2\repository\org\seleniumhq\selenium\selenium-edge-driver\3.141.59\selenium-edge-driver-3.141.59.jar;C:\Users\Alex PC\.m2\repository\org\seleniumhq\selenium\selenium-firefox-driver\3.141.59\selenium-firefox-driver-3.141.59.jar;C:\Users\Alex PC\.m2\repository\org\seleniumhq\selenium\selenium-ie-driver\3.141.59\selenium-ie-driver-3.141.59.jar;C:\Users\Alex PC\.m2\repository\org\seleniumhq\selenium\selenium-opera-driver\3.141.59\selenium-opera-driver-3.141.59.jar;C:\Users\Alex PC\.m2\repository\org\seleniumhq\selenium\selenium-remote-driver\3.141.59\selenium-remote-driver-3.141.59.jar;C:\Users\Alex PC\.m2\repository\org\seleniumhq\selenium\selenium-safari-driver\3.141.59\selenium-safari-driver-3.141.59.jar;C:\Users\Alex PC\.m2\repository\org\seleniumhq\selenium\selenium-support\3.141.59\selenium-support-3.141.59.jar;C:\Users\Alex PC\.m2\repository\net\bytebuddy\byte-buddy\1.8.15\byte-buddy-1.8.15.jar;C:\Users\Alex PC\.m2\repository\org\apache\commons\commons-exec\1.3\commons-exec-1.3.jar;C:\Users\Alex PC\.m2\repository\com\google\guava\guava\25.0-jre\guava-25.0-jre.jar;C:\Users\Alex PC\.m2\repository\com\google\code\findbugs\jsr305\1.3.9\jsr305-1.3.9.jar;C:\Users\Alex PC\.m2\repository\org\checkerframework\checker-compat-qual\2.0.0\checker-compat-qual-2.0.0.jar;C:\Users\Alex PC\.m2\repository\com\google\errorprone\error_prone_annotations\2.1.3\error_prone_annotations-2.1.3.jar;C:\Users\Alex PC\.m2\repository\com\google\j2objc\j2objc-annotations\1.1\j2objc-annotations-1.1.jar;C:\Users\Alex PC\.m2\repository\org\codehaus\mojo\animal-sniffer-annotations\1.14\animal-sniffer-annotations-1.14.jar;C:\Users\Alex PC\.m2\repository\com\squareup\okhttp3\okhttp\3.11.0\okhttp-3.11.0.jar;C:\Users\Alex PC\.m2\repository\com\squareup\okio\okio\1.14.0\okio-1.14.0.jar;C:\Users\Alex PC\.m2\repository\io\github\bonigarcia\webdrivermanager\5.1.1\webdrivermanager-5.1.1.jar;C:\Users\Alex PC\.m2\repository\org\slf4j\slf4j-api\1.7.36\slf4j-api-1.7.36.jar;C:\Users\Alex PC\.m2\repository\com\google\code\gson\gson\2.9.0\gson-2.9.0.jar;C:\Users\Alex PC\.m2\repository\com\github\docker-java\docker-java\3.2.13\docker-java-3.2.13.jar;C:\Users\Alex PC\.m2\repository\com\github\docker-java\docker-java-core\3.2.13\docker-java-core-3.2.13.jar;C:\Users\Alex PC\.m2\repository\com\github\docker-java\docker-java-api\3.2.13\docker-java-api-3.2.13.jar;C:\Users\Alex PC\.m2\repository\org\apache\commons\commons-compress\1.21\commons-compress-1.21.jar;C:\Users\Alex PC\.m2\repository\org\bouncycastle\bcpkix-jdk15on\1.64\bcpkix-jdk15on-1.64.jar;C:\Users\Alex PC\.m2\repository\org\bouncycastle\bcprov-jdk15on\1.64\bcprov-jdk15on-1.64.jar;C:\Users\Alex PC\.m2\repository\org\slf4j\jcl-over-slf4j\1.7.30\jcl-over-slf4j-1.7.30.jar;C:\Users\Alex PC\.m2\repository\com\github\docker-java\docker-java-transport-httpclient5\3.2.13\docker-java-transport-httpclient5-3.2.13.jar;C:\Users\Alex PC\.m2\repository\com\github\docker-java\docker-java-transport\3.2.13\docker-java-transport-3.2.13.jar;C:\Users\Alex PC\.m2\repository\net\java\dev\jna\jna\5.8.0\jna-5.8.0.jar;C:\Users\Alex PC\.m2\repository\org\brotli\dec\0.1.2\dec-0.1.2.jar;C:\Users\Alex PC\.m2\repository\org\apache\commons\commons-lang3\3.12.0\commons-lang3-3.12.0.jar;C:\Users\Alex PC\.m2\repository\org\apache\httpcomponents\client5\httpclient5\5.1.3\httpclient5-5.1.3.jar;C:\Users\Alex PC\.m2\repository\org\apache\httpcomponents\core5\httpcore5\5.1.3\httpcore5-5.1.3.jar;C:\Users\Alex PC\.m2\repository\org\apache\httpcomponents\core5\httpcore5-h2\5.1.3\httpcore5-h2-5.1.3.jar;C:\Users\Alex PC\.m2\repository\commons-codec\commons-codec\1.15\commons-codec-1.15.jar;C:\Users\Alex PC\.m2\repository\com\github\javafaker\javafaker\1.0.2\javafaker-1.0.2.jar;C:\Users\Alex PC\.m2\repository\org\yaml\snakeyaml\1.23\snakeyaml-1.23-android.jar;C:\Users\Alex PC\.m2\repository\com\github\mifmif\generex\1.0.2\generex-1.0.2.jar;C:\Users\Alex PC\.m2\repository\dk\brics\automaton\automaton\1.11-8\automaton-1.11-8.jar;C:\Users\Alex PC\.m2\repository\io\cucumber\cucumber-java\7.2.3\cucumber-java-7.2.3.jar;C:\Users\Alex PC\.m2\repository\io\cucumber\cucumber-core\7.2.3\cucumber-core-7.2.3.jar;C:\Users\Alex PC\.m2\repository\io\cucumber\cucumber-gherkin\7.2.3\cucumber-gherkin-7.2.3.jar;C:\Users\Alex PC\.m2\repository\io\cucumber\cucumber-gherkin-messages\7.2.3\cucumber-gherkin-messages-7.2.3.jar;C:\Users\Alex PC\.m2\repository\io\cucumber\messages\17.1.1\messages-17.1.1.jar;C:\Users\Alex PC\.m2\repository\io\cucumber\tag-expressions\4.1.0\tag-expressions-4.1.0.jar;C:\Users\Alex PC\.m2\repository\io\cucumber\cucumber-expressions\15.0.1\cucumber-expressions-15.0.1.jar;C:\Users\Alex PC\.m2\repository\io\cucumber\datatable\7.2.3\datatable-7.2.3.jar;C:\Users\Alex PC\.m2\repository\io\cucumber\cucumber-plugin\7.2.3\cucumber-plugin-7.2.3.jar;C:\Users\Alex PC\.m2\repository\io\cucumber\docstring\7.2.3\docstring-7.2.3.jar;C:\Users\Alex PC\.m2\repository\io\cucumber\html-formatter\17.0.0\html-formatter-17.0.0.jar;C:\Users\Alex PC\.m2\repository\io\cucumber\ci-environment\8.1.0\ci-environment-8.1.0.jar;C:\Users\Alex PC\.m2\repository\org\apiguardian\apiguardian-api\1.1.2\apiguardian-api-1.1.2.jar;C:\Users\Alex PC\.m2\repository\io\cucumber\cucumber-junit\7.2.3\cucumber-junit-7.2.3.jar;C:\Users\Alex PC\.m2\repository\junit\junit\4.13.2\junit-4.13.2.jar;C:\Users\Alex PC\.m2\repository\org\hamcrest\hamcrest-core\1.3\hamcrest-core-1.3.jar;C:\Users\Alex PC\.m2\repository\me\jvt\cucumber\reporting-plugin\7.2.0\reporting-plugin-7.2.0.jar;C:\Users\Alex PC\.m2\repository\io\cucumber\gherkin\22.0.0\gherkin-22.0.0.jar;C:\Users\Alex PC\.m2\repository\net\masterthought\cucumber-reporting\5.6.1\cucumber-reporting-5.6.1.jar;C:\Users\Alex PC\.m2\repository\com\fasterxml\jackson\core\jackson-databind\2.12.1\jackson-databind-2.12.1.jar;C:\Users\Alex PC\.m2\repository\com\fasterxml\jackson\core\jackson-annotations\2.12.1\jackson-annotations-2.12.1.jar;C:\Users\Alex PC\.m2\repository\com\fasterxml\jackson\core\jackson-core\2.12.1\jackson-core-2.12.1.jar;C:\Users\Alex PC\.m2\repository\com\fasterxml\jackson\datatype\jackson-datatype-jsr310\2.12.1\jackson-datatype-jsr310-2.12.1.jar;C:\Users\Alex PC\.m2\repository\org\apache\velocity\velocity-engine-core\2.3\velocity-engine-core-2.3.jar;C:\Users\Alex PC\.m2\repository\commons-collections\commons-collections\3.2.2\commons-collections-3.2.2.jar;C:\Users\Alex PC\.m2\repository\joda-time\joda-time\2.10.10\joda-time-2.10.10.jar;C:\Users\Alex PC\.m2\repository\commons-io\commons-io\2.7\commons-io-2.7.jar;C:\Users\Alex PC\.m2\repository\org\codehaus\plexus\plexus-utils\3.3.0\plexus-utils-3.3.0.jar;C:\Users\Alex PC\.m2\repository\org\jsoup\jsoup\1.14.2\jsoup-1.14.2.jar;C:\Users\Alex PC\.m2\repository\com\googlecode\owasp-java-html-sanitizer\owasp-java-html-sanitizer\20211018.2\owasp-java-html-sanitizer-20211018.2.jar;C:\Users\Alex PC\.m2\repository\commons-configuration\commons-configuration\1.10\commons-configuration-1.10.jar;C:\Users\Alex PC\.m2\repository\commons-lang\commons-lang\2.6\commons-lang-2.6.jar;C:\Users\Alex PC\.m2\repository\commons-logging\commons-logging\1.1.1\commons-logging-1.1.1.jar;"/>
    <property name="sun.cpu.endian" value="little"/>
    <property name="user.home" value="C:\Users\Alex PC"/>
    <property name="user.language" value="en"/>
    <property name="java.specification.vendor" value="Oracle Corporation"/>
    <property name="java.version.date" value="2021-07-20"/>
    <property name="java.home" value="C:\Program Files\Java\jdk-11.0.12"/>
    <property name="file.separator" value="\"/>
    <property name="basedir" value="C:\Users\Alex PC\IdeaProjects\LibraryCT-Assignment7"/>
    <property name="java.vm.compressedOopsMode" value="32-bit"/>
    <property name="line.separator" value="&#10;"/>
    <property name="java.specification.name" value="Java Platform API Specification"/>
    <property name="java.vm.specification.vendor" value="Oracle Corporation"/>
    <property name="java.awt.graphicsenv" value="sun.awt.Win32GraphicsEnvironment"/>
    <property name="surefire.real.class.path" value="C:\Users\Alex PC\AppData\Local\Temp\surefire4456403058139869616\surefirebooter15419493360731809325.jar"/>
    <property name="user.script" value=""/>
    <property name="sun.management.compiler" value="HotSpot 64-Bit Tiered Compilers"/>
    <property name="java.runtime.version" value="11.0.12+8-LTS-237"/>
    <property name="user.name" value="Alex PC"/>
    <property name="path.separator" value=";"/>
    <property name="os.version" value="10.0"/>
    <property name="java.runtime.name" value="Java(TM) SE Runtime Environment"/>
    <property name="file.encoding" value="Cp1252"/>
    <property name="java.vm.name" value="Java HotSpot(TM) 64-Bit Server VM"/>
    <property name="java.vendor.version" value="18.9"/>
    <property name="localRepository" value="C:\Users\Alex PC\.m2\repository"/>
    <property name="java.vendor.url.bug" value="https://bugreport.java.com/bugreport/"/>
    <property name="java.io.tmpdir" value="C:\Users\ALEXPC~1\AppData\Local\Temp\"/>
    <property name="idea.version" value="2022.1.3"/>
    <property name="java.version" value="11.0.12"/>
    <property name="user.dir" value="C:\Users\Alex PC\IdeaProjects\LibraryCT-Assignment7"/>
    <property name="os.arch" value="amd64"/>
    <property name="java.vm.specification.name" value="Java Virtual Machine Specification"/>
    <property name="java.awt.printerjob" value="sun.awt.windows.WPrinterJob"/>
    <property name="sun.os.patch.level" value=""/>
    <property name="java.library.path" value="C:\Program Files\Java\jdk-11.0.12\bin;C:\WINDOWS\Sun\Java\bin;C:\WINDOWS\system32;C:\WINDOWS;C:\Program Files\Common Files\Oracle\Java\javapath;C:\Program Files (x86)\Common Files\Oracle\Java\javapath;C:\WINDOWS\system32;C:\WINDOWS;C:\WINDOWS\System32\Wbem;C:\WINDOWS\System32\WindowsPowerShell\v1.0\;C:\WINDOWS\System32\OpenSSH\;C:\Program Files\Java\jdk1.8.0_231\bin;C:\Program Files (x86)\Git\cmd;C:\Program Files\dotnet\;C:\Users\Alex PC\AppData\Local\Microsoft\WindowsApps;C:\Users\Alex PC\AppData\Local\GitHubDesktop\bin;;."/>
    <property name="java.vendor" value="Oracle Corporation"/>
    <property name="java.vm.info" value="mixed mode"/>
    <property name="java.vm.version" value="11.0.12+8-LTS-237"/>
    <property name="sun.io.unicode.encoding" value="UnicodeLittle"/>
    <property name="java.class.version" value="55.0"/>
  </properties>
  <testcase name="US001_T01_Login_with_valid_credentials_as_Librarian #1" classname="US_001 Login Functionality" time="16.467">
    <system-out><![CDATA[
@wip @Login @smoke @regression @us001_T01
Scenario Outline: US001_T01_Login_with_valid_credentials_as_Librarian &amp#27;[90m# src/test/resources/features/US001_login_functionality.feature:18&amp#27;[0m
--> It is coming from @Before in Hooks class
  &amp#27;[32mGiven &amp#27;[0m&amp#27;[32muser is on the Login_Library page&amp#27;[0m                             &amp#27;[90m# com.library2.step_definitions.US001_LoginFunctionality_StDf.user_is_on_the_login_library_page()&amp#27;[0m
  &amp#27;[32mWhen &amp#27;[0m&amp#27;[32muser input &amp#27;[0m&amp#27;[32m&amp#27;[1m"librarian1@library"&amp#27;[0m&amp#27;[32m with &amp#27;[0m&amp#27;[32m&amp#27;[1m"qU9mrvur"&amp#27;[0m                &amp#27;[90m# com.library2.step_definitions.US001_LoginFunctionality_StDf.user_Input_With(java.lang.String,java.lang.String)&amp#27;[0m
  &amp#27;[32mThen &amp#27;[0m&amp#27;[32muser should navigate to Dashboard page as Librarian&amp#27;[0m            &amp#27;[90m# com.library2.step_definitions.US001_LoginFunctionality_StDf.user_Should_Navigate_To_DashboardPage_AsLibrarian()&amp#27;[0m
==> It is coming from @After in Hooks class
]]></system-out>
    <system-err><![CDATA[SLF4J: Failed to load class "org.slf4j.impl.StaticLoggerBinder".
SLF4J: Defaulting to no-operation (NOP) logger implementation
SLF4J: See http://www.slf4j.org/codes.html#StaticLoggerBinder for further details.
Starting ChromeDriver 103.0.5060.134 (8ec6fce403b3feb0869b0732eda8bd95011d333c-refs/branch-heads/5060@{#1262}) on port 22329
Only local connections are allowed.
Please see https://chromedriver.chromium.org/security-considerations for suggestions on keeping ChromeDriver safe.
ChromeDriver was started successfully.
Jul 31, 2022 11:56:42 PM org.openqa.selenium.remote.ProtocolHandshake createSession
INFO: Detected dialect: W3C
]]></system-err>
  </testcase>
  <testcase name="US001_T01_Login_with_valid_credentials_as_Librarian #2" classname="US_001 Login Functionality" time="19.438">
    <system-out><![CDATA[
@wip @Login @smoke @regression @us001_T01
Scenario Outline: US001_T01_Login_with_valid_credentials_as_Librarian &amp#27;[90m# src/test/resources/features/US001_login_functionality.feature:19&amp#27;[0m
--> It is coming from @Before in Hooks class
  &amp#27;[32mGiven &amp#27;[0m&amp#27;[32muser is on the Login_Library page&amp#27;[0m                             &amp#27;[90m# com.library2.step_definitions.US001_LoginFunctionality_StDf.user_is_on_the_login_library_page()&amp#27;[0m
  &amp#27;[32mWhen &amp#27;[0m&amp#27;[32muser input &amp#27;[0m&amp#27;[32m&amp#27;[1m"librarian2@library"&amp#27;[0m&amp#27;[32m with &amp#27;[0m&amp#27;[32m&amp#27;[1m"uYrhHmmj"&amp#27;[0m                &amp#27;[90m# com.library2.step_definitions.US001_LoginFunctionality_StDf.user_Input_With(java.lang.String,java.lang.String)&amp#27;[0m
  &amp#27;[32mThen &amp#27;[0m&amp#27;[32muser should navigate to Dashboard page as Librarian&amp#27;[0m            &amp#27;[90m# com.library2.step_definitions.US001_LoginFunctionality_StDf.user_Should_Navigate_To_DashboardPage_AsLibrarian()&amp#27;[0m
==> It is coming from @After in Hooks class
]]></system-out>
    <system-err><![CDATA[Starting ChromeDriver 103.0.5060.134 (8ec6fce403b3feb0869b0732eda8bd95011d333c-refs/branch-heads/5060@{#1262}) on port 38668
Only local connections are allowed.
Please see https://chromedriver.chromium.org/security-considerations for suggestions on keeping ChromeDriver safe.
ChromeDriver was started successfully.
Jul 31, 2022 11:57:02 PM org.openqa.selenium.remote.ProtocolHandshake createSession
INFO: Detected dialect: W3C
]]></system-err>
  </testcase>
  <testcase name="US001_T01_Login_with_valid_credentials_as_Librarian #3" classname="US_001 Login Functionality" time="13.977">
    <system-out><![CDATA[
@wip @Login @smoke @regression @us001_T01
Scenario Outline: US001_T01_Login_with_valid_credentials_as_Librarian &amp#27;[90m# src/test/resources/features/US001_login_functionality.feature:20&amp#27;[0m
--> It is coming from @Before in Hooks class
  &amp#27;[32mGiven &amp#27;[0m&amp#27;[32muser is on the Login_Library page&amp#27;[0m                             &amp#27;[90m# com.library2.step_definitions.US001_LoginFunctionality_StDf.user_is_on_the_login_library_page()&amp#27;[0m
  &amp#27;[32mWhen &amp#27;[0m&amp#27;[32muser input &amp#27;[0m&amp#27;[32m&amp#27;[1m"librarian3@library"&amp#27;[0m&amp#27;[32m with &amp#27;[0m&amp#27;[32m&amp#27;[1m"DFvU4b1i"&amp#27;[0m                &amp#27;[90m# com.library2.step_definitions.US001_LoginFunctionality_StDf.user_Input_With(java.lang.String,java.lang.String)&amp#27;[0m
  &amp#27;[32mThen &amp#27;[0m&amp#27;[32muser should navigate to Dashboard page as Librarian&amp#27;[0m            &amp#27;[90m# com.library2.step_definitions.US001_LoginFunctionality_StDf.user_Should_Navigate_To_DashboardPage_AsLibrarian()&amp#27;[0m
==> It is coming from @After in Hooks class
]]></system-out>
    <system-err><![CDATA[Starting ChromeDriver 103.0.5060.134 (8ec6fce403b3feb0869b0732eda8bd95011d333c-refs/branch-heads/5060@{#1262}) on port 2770
Only local connections are allowed.
Please see https://chromedriver.chromium.org/security-considerations for suggestions on keeping ChromeDriver safe.
ChromeDriver was started successfully.
Jul 31, 2022 11:57:18 PM org.openqa.selenium.remote.ProtocolHandshake createSession
INFO: Detected dialect: W3C
]]></system-err>
  </testcase>
  <testcase name="US001_T01_Login_with_valid_credentials_as_Librarian #4" classname="US_001 Login Functionality" time="18.696">
    <system-out><![CDATA[
@wip @Login @smoke @regression @us001_T01
Scenario Outline: US001_T01_Login_with_valid_credentials_as_Librarian &amp#27;[90m# src/test/resources/features/US001_login_functionality.feature:21&amp#27;[0m
--> It is coming from @Before in Hooks class
  &amp#27;[32mGiven &amp#27;[0m&amp#27;[32muser is on the Login_Library page&amp#27;[0m                             &amp#27;[90m# com.library2.step_definitions.US001_LoginFunctionality_StDf.user_is_on_the_login_library_page()&amp#27;[0m
  &amp#27;[32mWhen &amp#27;[0m&amp#27;[32muser input &amp#27;[0m&amp#27;[32m&amp#27;[1m"librarian4@library"&amp#27;[0m&amp#27;[32m with &amp#27;[0m&amp#27;[32m&amp#27;[1m"3lwxJ1Kk"&amp#27;[0m                &amp#27;[90m# com.library2.step_definitions.US001_LoginFunctionality_StDf.user_Input_With(java.lang.String,java.lang.String)&amp#27;[0m
  &amp#27;[32mThen &amp#27;[0m&amp#27;[32muser should navigate to Dashboard page as Librarian&amp#27;[0m            &amp#27;[90m# com.library2.step_definitions.US001_LoginFunctionality_StDf.user_Should_Navigate_To_DashboardPage_AsLibrarian()&amp#27;[0m
==> It is coming from @After in Hooks class
]]></system-out>
    <system-err><![CDATA[Starting ChromeDriver 103.0.5060.134 (8ec6fce403b3feb0869b0732eda8bd95011d333c-refs/branch-heads/5060@{#1262}) on port 32332
Only local connections are allowed.
Please see https://chromedriver.chromium.org/security-considerations for suggestions on keeping ChromeDriver safe.
ChromeDriver was started successfully.
Jul 31, 2022 11:57:33 PM org.openqa.selenium.remote.ProtocolHandshake createSession
INFO: Detected dialect: W3C
]]></system-err>
  </testcase>
  <testcase name="US001_T01_Login_with_valid_credentials_as_Librarian #5" classname="US_001 Login Functionality" time="12.658">
    <system-out><![CDATA[
@wip @Login @smoke @regression @us001_T01
Scenario Outline: US001_T01_Login_with_valid_credentials_as_Librarian &amp#27;[90m# src/test/resources/features/US001_login_functionality.feature:22&amp#27;[0m
--> It is coming from @Before in Hooks class
  &amp#27;[32mGiven &amp#27;[0m&amp#27;[32muser is on the Login_Library page&amp#27;[0m                             &amp#27;[90m# com.library2.step_definitions.US001_LoginFunctionality_StDf.user_is_on_the_login_library_page()&amp#27;[0m
  &amp#27;[32mWhen &amp#27;[0m&amp#27;[32muser input &amp#27;[0m&amp#27;[32m&amp#27;[1m"librarian5@library"&amp#27;[0m&amp#27;[32m with &amp#27;[0m&amp#27;[32m&amp#27;[1m"hj65YBiE"&amp#27;[0m                &amp#27;[90m# com.library2.step_definitions.US001_LoginFunctionality_StDf.user_Input_With(java.lang.String,java.lang.String)&amp#27;[0m
  &amp#27;[32mThen &amp#27;[0m&amp#27;[32muser should navigate to Dashboard page as Librarian&amp#27;[0m            &amp#27;[90m# com.library2.step_definitions.US001_LoginFunctionality_StDf.user_Should_Navigate_To_DashboardPage_AsLibrarian()&amp#27;[0m
==> It is coming from @After in Hooks class
]]></system-out>
    <system-err><![CDATA[Starting ChromeDriver 103.0.5060.134 (8ec6fce403b3feb0869b0732eda8bd95011d333c-refs/branch-heads/5060@{#1262}) on port 20387
Only local connections are allowed.
Please see https://chromedriver.chromium.org/security-considerations for suggestions on keeping ChromeDriver safe.
ChromeDriver was started successfully.
Jul 31, 2022 11:57:52 PM org.openqa.selenium.remote.ProtocolHandshake createSession
INFO: Detected dialect: W3C
]]></system-err>
  </testcase>
  <testcase name="US001_T02_Login_with_valid_credentials_as_Student #1" classname="US_001 Login Functionality" time="18.863">
    <system-out><![CDATA[
@wip @Login @smoke @regression @us001_t02
Scenario Outline: US001_T02_Login_with_valid_credentials_as_Student &amp#27;[90m# src/test/resources/features/US001_login_functionality.feature:32&amp#27;[0m
--> It is coming from @Before in Hooks class
  &amp#27;[32mGiven &amp#27;[0m&amp#27;[32muser is on the Login_Library page&amp#27;[0m                           &amp#27;[90m# com.library2.step_definitions.US001_LoginFunctionality_StDf.user_is_on_the_login_library_page()&amp#27;[0m
  &amp#27;[32mWhen &amp#27;[0m&amp#27;[32muser input &amp#27;[0m&amp#27;[32m&amp#27;[1m"student1@library"&amp#27;[0m&amp#27;[32m with &amp#27;[0m&amp#27;[32m&amp#27;[1m"d5fv9BtX"&amp#27;[0m                &amp#27;[90m# com.library2.step_definitions.US001_LoginFunctionality_StDf.user_Input_With(java.lang.String,java.lang.String)&amp#27;[0m
actNavigationBarCredentials = Test Student 1
  &amp#27;[32mThen &amp#27;[0m&amp#27;[32muser should navigate to Books page as Student&amp#27;[0m                &amp#27;[90m# com.library2.step_definitions.US001_LoginFunctionality_StDf.user_Should_Navigate_To_BooksPage_AsStudent()&amp#27;[0m
==> It is coming from @After in Hooks class
]]></system-out>
    <system-err><![CDATA[Starting ChromeDriver 103.0.5060.134 (8ec6fce403b3feb0869b0732eda8bd95011d333c-refs/branch-heads/5060@{#1262}) on port 3529
Only local connections are allowed.
Please see https://chromedriver.chromium.org/security-considerations for suggestions on keeping ChromeDriver safe.
ChromeDriver was started successfully.
Jul 31, 2022 11:58:03 PM org.openqa.selenium.remote.ProtocolHandshake createSession
INFO: Detected dialect: W3C
]]></system-err>
  </testcase>
  <testcase name="US001_T02_Login_with_valid_credentials_as_Student #2" classname="US_001 Login Functionality" time="12.825">
    <system-out><![CDATA[
@wip @Login @smoke @regression @us001_t02
Scenario Outline: US001_T02_Login_with_valid_credentials_as_Student &amp#27;[90m# src/test/resources/features/US001_login_functionality.feature:33&amp#27;[0m
--> It is coming from @Before in Hooks class
  &amp#27;[32mGiven &amp#27;[0m&amp#27;[32muser is on the Login_Library page&amp#27;[0m                           &amp#27;[90m# com.library2.step_definitions.US001_LoginFunctionality_StDf.user_is_on_the_login_library_page()&amp#27;[0m
  &amp#27;[32mWhen &amp#27;[0m&amp#27;[32muser input &amp#27;[0m&amp#27;[32m&amp#27;[1m"student2@library"&amp#27;[0m&amp#27;[32m with &amp#27;[0m&amp#27;[32m&amp#27;[1m"zyxa10vg"&amp#27;[0m                &amp#27;[90m# com.library2.step_definitions.US001_LoginFunctionality_StDf.user_Input_With(java.lang.String,java.lang.String)&amp#27;[0m
actNavigationBarCredentials = Test Student 2
  &amp#27;[32mThen &amp#27;[0m&amp#27;[32muser should navigate to Books page as Student&amp#27;[0m                &amp#27;[90m# com.library2.step_definitions.US001_LoginFunctionality_StDf.user_Should_Navigate_To_BooksPage_AsStudent()&amp#27;[0m
==> It is coming from @After in Hooks class
]]></system-out>
    <system-err><![CDATA[Starting ChromeDriver 103.0.5060.134 (8ec6fce403b3feb0869b0732eda8bd95011d333c-refs/branch-heads/5060@{#1262}) on port 18744
Only local connections are allowed.
Please see https://chromedriver.chromium.org/security-considerations for suggestions on keeping ChromeDriver safe.
ChromeDriver was started successfully.
Jul 31, 2022 11:58:22 PM org.openqa.selenium.remote.ProtocolHandshake createSession
INFO: Detected dialect: W3C
]]></system-err>
  </testcase>
  <testcase name="US001_T02_Login_with_valid_credentials_as_Student #3" classname="US_001 Login Functionality" time="18.786">
    <system-out><![CDATA[
@wip @Login @smoke @regression @us001_t02
Scenario Outline: US001_T02_Login_with_valid_credentials_as_Student &amp#27;[90m# src/test/resources/features/US001_login_functionality.feature:34&amp#27;[0m
--> It is coming from @Before in Hooks class
  &amp#27;[32mGiven &amp#27;[0m&amp#27;[32muser is on the Login_Library page&amp#27;[0m                           &amp#27;[90m# com.library2.step_definitions.US001_LoginFunctionality_StDf.user_is_on_the_login_library_page()&amp#27;[0m
  &amp#27;[32mWhen &amp#27;[0m&amp#27;[32muser input &amp#27;[0m&amp#27;[32m&amp#27;[1m"student3@library"&amp#27;[0m&amp#27;[32m with &amp#27;[0m&amp#27;[32m&amp#27;[1m"rPjgZ86a"&amp#27;[0m                &amp#27;[90m# com.library2.step_definitions.US001_LoginFunctionality_StDf.user_Input_With(java.lang.String,java.lang.String)&amp#27;[0m
actNavigationBarCredentials = Test Student 3
  &amp#27;[32mThen &amp#27;[0m&amp#27;[32muser should navigate to Books page as Student&amp#27;[0m                &amp#27;[90m# com.library2.step_definitions.US001_LoginFunctionality_StDf.user_Should_Navigate_To_BooksPage_AsStudent()&amp#27;[0m
==> It is coming from @After in Hooks class
]]></system-out>
    <system-err><![CDATA[Starting ChromeDriver 103.0.5060.134 (8ec6fce403b3feb0869b0732eda8bd95011d333c-refs/branch-heads/5060@{#1262}) on port 32312
Only local connections are allowed.
Please see https://chromedriver.chromium.org/security-considerations for suggestions on keeping ChromeDriver safe.
ChromeDriver was started successfully.
Jul 31, 2022 11:58:35 PM org.openqa.selenium.remote.ProtocolHandshake createSession
INFO: Detected dialect: W3C
]]></system-err>
  </testcase>
  <testcase name="US001_T02_Login_with_valid_credentials_as_Student #4" classname="US_001 Login Functionality" time="9.51">
    <system-out><![CDATA[
@wip @Login @smoke @regression @us001_t02
Scenario Outline: US001_T02_Login_with_valid_credentials_as_Student &amp#27;[90m# src/test/resources/features/US001_login_functionality.feature:35&amp#27;[0m
--> It is coming from @Before in Hooks class
  &amp#27;[32mGiven &amp#27;[0m&amp#27;[32muser is on the Login_Library page&amp#27;[0m                           &amp#27;[90m# com.library2.step_definitions.US001_LoginFunctionality_StDf.user_is_on_the_login_library_page()&amp#27;[0m
  &amp#27;[32mWhen &amp#27;[0m&amp#27;[32muser input &amp#27;[0m&amp#27;[32m&amp#27;[1m"student4@library"&amp#27;[0m&amp#27;[32m with &amp#27;[0m&amp#27;[32m&amp#27;[1m"pG3V6qaL"&amp#27;[0m                &amp#27;[90m# com.library2.step_definitions.US001_LoginFunctionality_StDf.user_Input_With(java.lang.String,java.lang.String)&amp#27;[0m
actNavigationBarCredentials = Test Student 4
  &amp#27;[32mThen &amp#27;[0m&amp#27;[32muser should navigate to Books page as Student&amp#27;[0m                &amp#27;[90m# com.library2.step_definitions.US001_LoginFunctionality_StDf.user_Should_Navigate_To_BooksPage_AsStudent()&amp#27;[0m
==> It is coming from @After in Hooks class
]]></system-out>
    <system-err><![CDATA[Starting ChromeDriver 103.0.5060.134 (8ec6fce403b3feb0869b0732eda8bd95011d333c-refs/branch-heads/5060@{#1262}) on port 45892
Only local connections are allowed.
Please see https://chromedriver.chromium.org/security-considerations for suggestions on keeping ChromeDriver safe.
ChromeDriver was started successfully.
Jul 31, 2022 11:58:52 PM org.openqa.selenium.remote.ProtocolHandshake createSession
INFO: Detected dialect: W3C
]]></system-err>
  </testcase>
  <testcase name="US001_T02_Login_with_valid_credentials_as_Student #5" classname="US_001 Login Functionality" time="13.012">
    <system-out><![CDATA[
@wip @Login @smoke @regression @us001_t02
Scenario Outline: US001_T02_Login_with_valid_credentials_as_Student &amp#27;[90m# src/test/resources/features/US001_login_functionality.feature:36&amp#27;[0m
--> It is coming from @Before in Hooks class
  &amp#27;[32mGiven &amp#27;[0m&amp#27;[32muser is on the Login_Library page&amp#27;[0m                           &amp#27;[90m# com.library2.step_definitions.US001_LoginFunctionality_StDf.user_is_on_the_login_library_page()&amp#27;[0m
  &amp#27;[32mWhen &amp#27;[0m&amp#27;[32muser input &amp#27;[0m&amp#27;[32m&amp#27;[1m"student5@library"&amp#27;[0m&amp#27;[32m with &amp#27;[0m&amp#27;[32m&amp#27;[1m"i1oDgf2d"&amp#27;[0m                &amp#27;[90m# com.library2.step_definitions.US001_LoginFunctionality_StDf.user_Input_With(java.lang.String,java.lang.String)&amp#27;[0m
actNavigationBarCredentials = Test Student 5
  &amp#27;[32mThen &amp#27;[0m&amp#27;[32muser should navigate to Books page as Student&amp#27;[0m                &amp#27;[90m# com.library2.step_definitions.US001_LoginFunctionality_StDf.user_Should_Navigate_To_BooksPage_AsStudent()&amp#27;[0m
==> It is coming from @After in Hooks class
]]></system-out>
    <system-err><![CDATA[Starting ChromeDriver 103.0.5060.134 (8ec6fce403b3feb0869b0732eda8bd95011d333c-refs/branch-heads/5060@{#1262}) on port 41691
Only local connections are allowed.
Please see https://chromedriver.chromium.org/security-considerations for suggestions on keeping ChromeDriver safe.
ChromeDriver was started successfully.
Jul 31, 2022 11:59:05 PM org.openqa.selenium.remote.ProtocolHandshake createSession
INFO: Detected dialect: W3C
]]></system-err>
  </testcase>
  <testcase name="US001_T03_Login_with_parameters_as_Librarian" classname="US_001 Login Functionality" time="13.257">
    <system-out><![CDATA[
@wip @Login @smoke @regression @us001_t03
Scenario: US001_T03_Login_with_parameters_as_Librarian &amp#27;[90m# src/test/resources/features/US001_login_functionality.feature:41&amp#27;[0m
--> It is coming from @Before in Hooks class
  &amp#27;[32mGiven &amp#27;[0m&amp#27;[32muser is on the Login_Library page&amp#27;[0m              &amp#27;[90m# com.library2.step_definitions.US001_LoginFunctionality_StDf.user_is_on_the_login_library_page()&amp#27;[0m
  &amp#27;[32mWhen &amp#27;[0m&amp#27;[32muser login as &amp#27;[0m&amp#27;[32m&amp#27;[1m"Librarian2"&amp#27;[0m                      &amp#27;[90m# com.library2.step_definitions.US001_LoginFunctionality_StDf.user_Login_As(java.lang.String)&amp#27;[0m
actNavigationBarCredentials = Test Librarian 2
  &amp#27;[32mThen &amp#27;[0m&amp#27;[32muser should navigate to Dashboard page&amp#27;[0m          &amp#27;[90m# com.library2.step_definitions.US001_LoginFunctionality_StDf.user_should_navigate_to_dashboard_page()&amp#27;[0m
==> It is coming from @After in Hooks class
]]></system-out>
    <system-err><![CDATA[Starting ChromeDriver 103.0.5060.134 (8ec6fce403b3feb0869b0732eda8bd95011d333c-refs/branch-heads/5060@{#1262}) on port 16659
Only local connections are allowed.
Please see https://chromedriver.chromium.org/security-considerations for suggestions on keeping ChromeDriver safe.
ChromeDriver was started successfully.
Jul 31, 2022 11:59:16 PM org.openqa.selenium.remote.ProtocolHandshake createSession
INFO: Detected dialect: W3C
]]></system-err>
  </testcase>
  <testcase name="US001_T04_Login_with_parameters_as_Student" classname="US_001 Login Functionality" time="12.65">
    <system-out><![CDATA[
@wip @Login @smoke @regression @us001_t04
Scenario: US001_T04_Login_with_parameters_as_Student &amp#27;[90m# src/test/resources/features/US001_login_functionality.feature:48&amp#27;[0m
--> It is coming from @Before in Hooks class
  &amp#27;[32mGiven &amp#27;[0m&amp#27;[32muser is on the Login_Library page&amp#27;[0m            &amp#27;[90m# com.library2.step_definitions.US001_LoginFunctionality_StDf.user_is_on_the_login_library_page()&amp#27;[0m
  &amp#27;[32mWhen &amp#27;[0m&amp#27;[32muser login as &amp#27;[0m&amp#27;[32m&amp#27;[1m"Student2"&amp#27;[0m                      &amp#27;[90m# com.library2.step_definitions.US001_LoginFunctionality_StDf.user_Login_As(java.lang.String)&amp#27;[0m
actNavigationBarCredentials = Test Student 2
  &amp#27;[32mThen &amp#27;[0m&amp#27;[32muser should navigate to Books page&amp#27;[0m            &amp#27;[90m# com.library2.step_definitions.US001_LoginFunctionality_StDf.user_Should_Navigate_To_BooksPage()&amp#27;[0m
==> It is coming from @After in Hooks class
]]></system-out>
    <system-err><![CDATA[Starting ChromeDriver 103.0.5060.134 (8ec6fce403b3feb0869b0732eda8bd95011d333c-refs/branch-heads/5060@{#1262}) on port 13318
Only local connections are allowed.
Please see https://chromedriver.chromium.org/security-considerations for suggestions on keeping ChromeDriver safe.
ChromeDriver was started successfully.
Jul 31, 2022 11:59:29 PM org.openqa.selenium.remote.ProtocolHandshake createSession
INFO: Detected dialect: W3C
]]></system-err>
  </testcase>
  <testcase name="US001_T05_Login_with_corUsername_wrongPassword #1" classname="US_001 Login Functionality" time="11.148">
    <system-out><![CDATA[
@wip @Login @smoke @regression @us001_t05
Scenario Outline: US001_T05_Login_with_corUsername_wrongPassword    &amp#27;[90m# src/test/resources/features/US001_login_functionality.feature:60&amp#27;[0m
--> It is coming from @Before in Hooks class
  &amp#27;[32mGiven &amp#27;[0m&amp#27;[32muser is on the Login_Library page&amp#27;[0m                           &amp#27;[90m# com.library2.step_definitions.US001_LoginFunctionality_StDf.user_is_on_the_login_library_page()&amp#27;[0m
  &amp#27;[32mWhen &amp#27;[0m&amp#27;[32muser input cor_username with wrong_password for &amp#27;[0m&amp#27;[32m&amp#27;[1m"Librarian1"&amp#27;[0m &amp#27;[90m# com.library2.step_definitions.US001_LoginFunctionality_StDf.userInput_Cor_username_With_Wrong_passwordFor(java.lang.String)&amp#27;[0m
  &amp#27;[32mThen &amp#27;[0m&amp#27;[32muser should see message <Sorry, Wrong Email or Password>&amp#27;[0m     &amp#27;[90m# com.library2.step_definitions.US001_LoginFunctionality_StDf.user_Should_See_Message__SorryWrongEmailOrPassword()&amp#27;[0m
==> It is coming from @After in Hooks class
]]></system-out>
    <system-err><![CDATA[Starting ChromeDriver 103.0.5060.134 (8ec6fce403b3feb0869b0732eda8bd95011d333c-refs/branch-heads/5060@{#1262}) on port 30313
Only local connections are allowed.
Please see https://chromedriver.chromium.org/security-considerations for suggestions on keeping ChromeDriver safe.
ChromeDriver was started successfully.
Jul 31, 2022 11:59:43 PM org.openqa.selenium.remote.ProtocolHandshake createSession
INFO: Detected dialect: W3C
]]></system-err>
  </testcase>
  <testcase name="US001_T05_Login_with_corUsername_wrongPassword #2" classname="US_001 Login Functionality" time="11.471">
    <system-out><![CDATA[
@wip @Login @smoke @regression @us001_t05
Scenario Outline: US001_T05_Login_with_corUsername_wrongPassword    &amp#27;[90m# src/test/resources/features/US001_login_functionality.feature:61&amp#27;[0m
--> It is coming from @Before in Hooks class
  &amp#27;[32mGiven &amp#27;[0m&amp#27;[32muser is on the Login_Library page&amp#27;[0m                           &amp#27;[90m# com.library2.step_definitions.US001_LoginFunctionality_StDf.user_is_on_the_login_library_page()&amp#27;[0m
  &amp#27;[32mWhen &amp#27;[0m&amp#27;[32muser input cor_username with wrong_password for &amp#27;[0m&amp#27;[32m&amp#27;[1m"Librarian2"&amp#27;[0m &amp#27;[90m# com.library2.step_definitions.US001_LoginFunctionality_StDf.userInput_Cor_username_With_Wrong_passwordFor(java.lang.String)&amp#27;[0m
  &amp#27;[32mThen &amp#27;[0m&amp#27;[32muser should see message <Sorry, Wrong Email or Password>&amp#27;[0m     &amp#27;[90m# com.library2.step_definitions.US001_LoginFunctionality_StDf.user_Should_See_Message__SorryWrongEmailOrPassword()&amp#27;[0m
==> It is coming from @After in Hooks class
]]></system-out>
    <system-err><![CDATA[Starting ChromeDriver 103.0.5060.134 (8ec6fce403b3feb0869b0732eda8bd95011d333c-refs/branch-heads/5060@{#1262}) on port 16027
Only local connections are allowed.
Please see https://chromedriver.chromium.org/security-considerations for suggestions on keeping ChromeDriver safe.
ChromeDriver was started successfully.
Jul 31, 2022 11:59:55 PM org.openqa.selenium.remote.ProtocolHandshake createSession
INFO: Detected dialect: W3C
]]></system-err>
  </testcase>
  <testcase name="US001_T05_Login_with_corUsername_wrongPassword #3" classname="US_001 Login Functionality" time="12.681">
    <system-out><![CDATA[
@wip @Login @smoke @regression @us001_t05
Scenario Outline: US001_T05_Login_with_corUsername_wrongPassword  &amp#27;[90m# src/test/resources/features/US001_login_functionality.feature:62&amp#27;[0m
--> It is coming from @Before in Hooks class
  &amp#27;[32mGiven &amp#27;[0m&amp#27;[32muser is on the Login_Library page&amp#27;[0m                         &amp#27;[90m# com.library2.step_definitions.US001_LoginFunctionality_StDf.user_is_on_the_login_library_page()&amp#27;[0m
  &amp#27;[32mWhen &amp#27;[0m&amp#27;[32muser input cor_username with wrong_password for &amp#27;[0m&amp#27;[32m&amp#27;[1m"Student1"&amp#27;[0m &amp#27;[90m# com.library2.step_definitions.US001_LoginFunctionality_StDf.userInput_Cor_username_With_Wrong_passwordFor(java.lang.String)&amp#27;[0m
  &amp#27;[32mThen &amp#27;[0m&amp#27;[32muser should see message <Sorry, Wrong Email or Password>&amp#27;[0m   &amp#27;[90m# com.library2.step_definitions.US001_LoginFunctionality_StDf.user_Should_See_Message__SorryWrongEmailOrPassword()&amp#27;[0m
==> It is coming from @After in Hooks class
]]></system-out>
    <system-err><![CDATA[Starting ChromeDriver 103.0.5060.134 (8ec6fce403b3feb0869b0732eda8bd95011d333c-refs/branch-heads/5060@{#1262}) on port 23840
Only local connections are allowed.
Please see https://chromedriver.chromium.org/security-considerations for suggestions on keeping ChromeDriver safe.
ChromeDriver was started successfully.
Aug 01, 2022 12:00:05 AM org.openqa.selenium.remote.ProtocolHandshake createSession
INFO: Detected dialect: W3C
]]></system-err>
  </testcase>
  <testcase name="US001_T05_Login_with_corUsername_wrongPassword #4" classname="US_001 Login Functionality" time="17.375">
    <system-out><![CDATA[
@wip @Login @smoke @regression @us001_t05
Scenario Outline: US001_T05_Login_with_corUsername_wrongPassword  &amp#27;[90m# src/test/resources/features/US001_login_functionality.feature:63&amp#27;[0m
--> It is coming from @Before in Hooks class
  &amp#27;[32mGiven &amp#27;[0m&amp#27;[32muser is on the Login_Library page&amp#27;[0m                         &amp#27;[90m# com.library2.step_definitions.US001_LoginFunctionality_StDf.user_is_on_the_login_library_page()&amp#27;[0m
  &amp#27;[32mWhen &amp#27;[0m&amp#27;[32muser input cor_username with wrong_password for &amp#27;[0m&amp#27;[32m&amp#27;[1m"Student2"&amp#27;[0m &amp#27;[90m# com.library2.step_definitions.US001_LoginFunctionality_StDf.userInput_Cor_username_With_Wrong_passwordFor(java.lang.String)&amp#27;[0m
  &amp#27;[32mThen &amp#27;[0m&amp#27;[32muser should see message <Sorry, Wrong Email or Password>&amp#27;[0m   &amp#27;[90m# com.library2.step_definitions.US001_LoginFunctionality_StDf.user_Should_See_Message__SorryWrongEmailOrPassword()&amp#27;[0m
==> It is coming from @After in Hooks class
]]></system-out>
    <system-err><![CDATA[Starting ChromeDriver 103.0.5060.134 (8ec6fce403b3feb0869b0732eda8bd95011d333c-refs/branch-heads/5060@{#1262}) on port 18997
Only local connections are allowed.
Please see https://chromedriver.chromium.org/security-considerations for suggestions on keeping ChromeDriver safe.
ChromeDriver was started successfully.
Aug 01, 2022 12:00:20 AM org.openqa.selenium.remote.ProtocolHandshake createSession
INFO: Detected dialect: W3C
]]></system-err>
  </testcase>
  <testcase name="US001_T06_Login_with_wrongUsername_wrongPassword" classname="US_001 Login Functionality" time="23.511">
    <system-out><![CDATA[
@wip @Login @smoke @regression @us001_t06
Scenario: US001_T06_Login_with_wrongUsername_wrongPassword      &amp#27;[90m# src/test/resources/features/US001_login_functionality.feature:67&amp#27;[0m
--> It is coming from @Before in Hooks class
  &amp#27;[32mGiven &amp#27;[0m&amp#27;[32muser is on the Login_Library page&amp#27;[0m                       &amp#27;[90m# com.library2.step_definitions.US001_LoginFunctionality_StDf.user_is_on_the_login_library_page()&amp#27;[0m
  &amp#27;[32mWhen &amp#27;[0m&amp#27;[32muser input wrong_username with wrong_password&amp#27;[0m            &amp#27;[90m# com.library2.step_definitions.US001_LoginFunctionality_StDf.userInputWrong_usernameWithWrong_password()&amp#27;[0m
  &amp#27;[32mThen &amp#27;[0m&amp#27;[32muser should see message &amp#27;[0m&amp#27;[32m&amp#27;[1m"Sorry, Wrong Email or Password"&amp#27;[0m &amp#27;[90m# com.library2.step_definitions.US001_LoginFunctionality_StDf.userShouldSeeMessage(java.lang.String)&amp#27;[0m
==> It is coming from @After in Hooks class
]]></system-out>
    <system-err><![CDATA[Starting ChromeDriver 103.0.5060.134 (8ec6fce403b3feb0869b0732eda8bd95011d333c-refs/branch-heads/5060@{#1262}) on port 9156
Only local connections are allowed.
Please see https://chromedriver.chromium.org/security-considerations for suggestions on keeping ChromeDriver safe.
ChromeDriver was started successfully.
Aug 01, 2022 12:00:41 AM org.openqa.selenium.remote.ProtocolHandshake createSession
INFO: Detected dialect: W3C
]]></system-err>
  </testcase>
  <testcase name="US001_T07_Login_with_nullUsername_nullPassword" classname="US_001 Login Functionality" time="7.93">
    <system-out><![CDATA[
@wip @Login @smoke @regression @us001_t07
Scenario: US001_T07_Login_with_nullUsername_nullPassword         &amp#27;[90m# src/test/resources/features/US001_login_functionality.feature:74&amp#27;[0m
--> It is coming from @Before in Hooks class
  &amp#27;[32mGiven &amp#27;[0m&amp#27;[32muser is on the Login_Library page&amp#27;[0m                        &amp#27;[90m# com.library2.step_definitions.US001_LoginFunctionality_StDf.user_is_on_the_login_library_page()&amp#27;[0m
  &amp#27;[32mWhen &amp#27;[0m&amp#27;[32muser input NULL username with NULL password&amp#27;[0m               &amp#27;[90m# com.library2.step_definitions.US001_LoginFunctionality_StDf.userInputNULLUsernameWithNULLPassword()&amp#27;[0m
  &amp#27;[32mThen &amp#27;[0m&amp#27;[32muser should see warning message <This field is required.>&amp#27;[0m &amp#27;[90m# com.library2.step_definitions.US001_LoginFunctionality_StDf.user_Should_See_Warning_Message_ThisField_isRequired()&amp#27;[0m
==> It is coming from @After in Hooks class
]]></system-out>
    <system-err><![CDATA[Starting ChromeDriver 103.0.5060.134 (8ec6fce403b3feb0869b0732eda8bd95011d333c-refs/branch-heads/5060@{#1262}) on port 17044
Only local connections are allowed.
Please see https://chromedriver.chromium.org/security-considerations for suggestions on keeping ChromeDriver safe.
ChromeDriver was started successfully.
Aug 01, 2022 12:00:58 AM org.openqa.selenium.remote.ProtocolHandshake createSession
INFO: Detected dialect: W3C
]]></system-err>
  </testcase>
  <testcase name="US001_T08_Loged_with_parameters" classname="US_001 Login Functionality" time="11.635">
    <system-out><![CDATA[
@wip @Login @smoke @regression @us001_t08
Scenario: US001_T08_Loged_with_parameters                        &amp#27;[90m# src/test/resources/features/US001_login_functionality.feature:81&amp#27;[0m
--> It is coming from @Before in Hooks class
  &amp#27;[32mGiven &amp#27;[0m&amp#27;[32muser is on the Login_Library page&amp#27;[0m                        &amp#27;[90m# com.library2.step_definitions.US001_LoginFunctionality_StDf.user_is_on_the_login_library_page()&amp#27;[0m
  &amp#27;[32mWhen &amp#27;[0m&amp#27;[32muser input NULL username with NULL password&amp#27;[0m               &amp#27;[90m# com.library2.step_definitions.US001_LoginFunctionality_StDf.userInputNULLUsernameWithNULLPassword()&amp#27;[0m
  &amp#27;[32mThen &amp#27;[0m&amp#27;[32muser should see warning message <This field is required.>&amp#27;[0m &amp#27;[90m# com.library2.step_definitions.US001_LoginFunctionality_StDf.user_Should_See_Warning_Message_ThisField_isRequired()&amp#27;[0m
==> It is coming from @After in Hooks class
]]></system-out>
    <system-err><![CDATA[Starting ChromeDriver 103.0.5060.134 (8ec6fce403b3feb0869b0732eda8bd95011d333c-refs/branch-heads/5060@{#1262}) on port 2216
Only local connections are allowed.
Please see https://chromedriver.chromium.org/security-considerations for suggestions on keeping ChromeDriver safe.
ChromeDriver was started successfully.
Aug 01, 2022 12:01:06 AM org.openqa.selenium.remote.ProtocolHandshake createSession
INFO: Detected dialect: W3C
]]></system-err>
  </testcase>
</testsuite>